<?xml version="1.0" encoding="UTF-8"?>
<testng-results ignored="0" total="1" passed="1" failed="0" skipped="0">
  <reporter-output>
  </reporter-output>
  <suite started-at="2023-07-03T16:04:26 IST" name="Default suite" finished-at="2023-07-03T16:04:52 IST" duration-ms="26806">
    <groups>
    </groups>
    <test started-at="2023-07-03T16:04:26 IST" name="Default test" finished-at="2023-07-03T16:04:52 IST" duration-ms="26806">
      <class name="ShashankWorkAppium.EcommerceTest4">
        <test-method is-config="true" signature="ConfigureAppium()[pri:0, instance:ShashankWorkAppium.EcommerceTest4@27462a88]" started-at="2023-07-03T16:04:26 IST" name="ConfigureAppium" finished-at="2023-07-03T16:04:32 IST" duration-ms="6709" status="PASS">
          <reporter-output>
          </reporter-output>
        </test-method> <!-- ConfigureAppium -->
        <test-method signature="FillForm()[pri:0, instance:ShashankWorkAppium.EcommerceTest4@27462a88]" started-at="2023-07-03T16:04:32 IST" name="FillForm" finished-at="2023-07-03T16:04:52 IST" duration-ms="20070" status="PASS">
          <reporter-output>
          </reporter-output>
        </test-method> <!-- FillForm -->
      </class> <!-- ShashankWorkAppium.EcommerceTest4 -->
    </test> <!-- Default test -->
  </suite> <!-- Default suite -->
</testng-results>
